INFO:root:Epoch 1
INFO:root:Train Loss: 1.5444
INFO:root:Train Similarity: 0.3211
INFO:root:Test Loss: 1.4806
INFO:root:Test Similarity: 0.3588
INFO:root:Epoch 2
INFO:root:Train Loss: 1.4716
INFO:root:Train Similarity: 0.3646
INFO:root:Test Loss: 1.4506
INFO:root:Test Similarity: 0.3767
INFO:root:Epoch 3
INFO:root:Train Loss: 1.4467
INFO:root:Train Similarity: 0.3790
INFO:root:Test Loss: 1.4322
INFO:root:Test Similarity: 0.3869
INFO:root:Epoch 4
INFO:root:Train Loss: 1.4311
INFO:root:Train Similarity: 0.3878
INFO:root:Test Loss: 1.4236
INFO:root:Test Similarity: 0.3920
INFO:root:Epoch 5
INFO:root:Train Loss: 1.4195
INFO:root:Train Similarity: 0.3941
INFO:root:Test Loss: 1.4170
INFO:root:Test Similarity: 0.3956
INFO:root:Epoch 6
INFO:root:Train Loss: 1.4102
INFO:root:Train Similarity: 0.3993
INFO:root:Test Loss: 1.4017
INFO:root:Test Similarity: 0.4038
INFO:root:Epoch 7
INFO:root:Train Loss: 1.4021
INFO:root:Train Similarity: 0.4037
INFO:root:Test Loss: 1.3943
INFO:root:Test Similarity: 0.4079
INFO:root:Epoch 8
INFO:root:Train Loss: 1.3956
INFO:root:Train Similarity: 0.4072
INFO:root:Test Loss: 1.3929
INFO:root:Test Similarity: 0.4091
INFO:root:Epoch 9
INFO:root:Train Loss: 1.3894
INFO:root:Train Similarity: 0.4106
INFO:root:Test Loss: 1.3853
INFO:root:Test Similarity: 0.4128
INFO:root:Epoch 10
INFO:root:Train Loss: 1.3839
INFO:root:Train Similarity: 0.4136
INFO:root:Test Loss: 1.3811
INFO:root:Test Similarity: 0.4154
INFO:root:Epoch 11
INFO:root:Train Loss: 1.3789
INFO:root:Train Similarity: 0.4162
INFO:root:Test Loss: 1.3791
INFO:root:Test Similarity: 0.4163
INFO:root:Epoch 12
INFO:root:Train Loss: 1.3740
INFO:root:Train Similarity: 0.4189
INFO:root:Test Loss: 1.3732
INFO:root:Test Similarity: 0.4193
INFO:root:Epoch 13
INFO:root:Train Loss: 1.3725
INFO:root:Train Similarity: 0.4197
INFO:root:Test Loss: 1.3592
INFO:root:Test Similarity: 0.4268
INFO:root:Epoch 14
INFO:root:Train Loss: 1.3692
INFO:root:Train Similarity: 0.4215
INFO:root:Test Loss: 1.3625
INFO:root:Test Similarity: 0.4264
